<?xml version="1.0" encoding="utf-8"?>
<coverage line-rate="0.3995" branch-rate="0.304" version="1.9" timestamp="1770965008" lines-covered="696" lines-valid="1742" branches-covered="343" branches-valid="1128">
  <sources>
    <source>c:\Users\kiro\Desktop\cil2cpp\compiler\CIL2CPP.Core\</source>
  </sources>
  <packages>
    <package name="CIL2CPP.Core" line-rate="0.3995" branch-rate="0.304" complexity="1346">
      <classes>
        <class name="CIL2CPP.Core.BuildConfiguration" filename="BuildConfiguration.cs" line-rate="1" branch-rate="1" complexity="13">
          <methods>
            <method name="get_IsDebug" signature="()" line-rate="1" branch-rate="1" complexity="1">
              <lines>
                <line number="9" hits="96" branch="False" />
              </lines>
            </method>
            <method name="get_EmitLineDirectives" signature="()" line-rate="1" branch-rate="1" complexity="1">
              <lines>
                <line number="12" hits="108" branch="False" />
              </lines>
            </method>
            <method name="get_EmitILOffsetComments" signature="()" line-rate="1" branch-rate="1" complexity="1">
              <lines>
                <line number="15" hits="108" branch="False" />
              </lines>
            </method>
            <method name="get_EnableStackTraces" signature="()" line-rate="1" branch-rate="1" complexity="1">
              <lines>
                <line number="18" hits="40" branch="False" />
              </lines>
            </method>
            <method name="get_ReadDebugSymbols" signature="()" line-rate="1" branch-rate="1" complexity="1">
              <lines>
                <line number="21" hits="40" branch="False" />
              </lines>
            </method>
            <method name="get_ConfigurationName" signature="()" line-rate="1" branch-rate="1" complexity="2">
              <lines>
                <line number="24" hits="26" branch="True" condition-coverage="100% (2/2)">
                  <conditions>
                    <condition number="6" type="jump" coverage="100%" />
                  </conditions>
                </line>
              </lines>
            </method>
            <method name="get_Debug" signature="()" line-rate="1" branch-rate="1" complexity="1">
              <lines>
                <line number="27" hits="10" branch="False" />
                <line number="28" hits="10" branch="False" />
                <line number="29" hits="10" branch="False" />
                <line number="30" hits="10" branch="False" />
                <line number="31" hits="10" branch="False" />
                <line number="32" hits="10" branch="False" />
                <line number="33" hits="10" branch="False" />
                <line number="34" hits="10" branch="False" />
              </lines>
            </method>
            <method name="get_Release" signature="()" line-rate="1" branch-rate="1" complexity="1">
              <lines>
                <line number="37" hits="28" branch="False" />
                <line number="38" hits="28" branch="False" />
                <line number="39" hits="28" branch="False" />
                <line number="40" hits="28" branch="False" />
                <line number="41" hits="28" branch="False" />
                <line number="42" hits="28" branch="False" />
                <line number="43" hits="28" branch="False" />
                <line number="44" hits="28" branch="False" />
              </lines>
            </method>
            <method name="FromName" signature="(System.String)" line-rate="1" branch-rate="1" complexity="4">
              <lines>
                <line number="47" hits="9" branch="True" condition-coverage="100% (4/4)">
                  <conditions>
                    <condition number="22" type="jump" coverage="100%" />
                    <condition number="35" type="jump" coverage="100%" />
                  </conditions>
                </line>
                <line number="48" hits="9" branch="False" />
                <line number="49" hits="3" branch="False" />
                <line number="50" hits="3" branch="False" />
                <line number="51" hits="3" branch="False" />
                <line number="52" hits="9" branch="False" />
              </lines>
            </method>
          </methods>
          <lines>
            <line number="9" hits="96" branch="False" />
            <line number="12" hits="108" branch="False" />
            <line number="15" hits="108" branch="False" />
            <line number="18" hits="40" branch="False" />
            <line number="21" hits="40" branch="False" />
            <line number="24" hits="26" branch="True" condition-coverage="100% (2/2)">
              <conditions>
                <condition number="6" type="jump" coverage="100%" />
              </conditions>
            </line>
            <line number="27" hits="10" branch="False" />
            <line number="28" hits="10" branch="False" />
            <line number="29" hits="10" branch="False" />
            <line number="30" hits="10" branch="False" />
            <line number="31" hits="10" branch="False" />
            <line number="32" hits="10" branch="False" />
            <line number="33" hits="10" branch="False" />
            <line number="34" hits="10" branch="False" />
            <line number="37" hits="28" branch="False" />
            <line number="38" hits="28" branch="False" />
            <line number="39" hits="28" branch="False" />
            <line number="40" hits="28" branch="False" />
            <line number="41" hits="28" branch="False" />
            <line number="42" hits="28" branch="False" />
            <line number="43" hits="28" branch="False" />
            <line number="44" hits="28" branch="False" />
            <line number="47" hits="9" branch="True" condition-coverage="100% (4/4)">
              <conditions>
                <condition number="22" type="jump" coverage="100%" />
                <condition number="35" type="jump" coverage="100%" />
              </conditions>
            </line>
            <line number="48" hits="9" branch="False" />
            <line number="49" hits="3" branch="False" />
            <line number="50" hits="3" branch="False" />
            <line number="51" hits="3" branch="False" />
            <line number="52" hits="9" branch="False" />
          </lines>
        </class>
        <class name="CIL2CPP.Core.IR.CppNameMapper" filename="IR\CppNameMapper.cs" line-rate="1" branch-rate="0.9140999999999999" complexity="202">
          <methods>
            <method name="IsPrimitive" signature="(System.String)" line-rate="1" branch-rate="1" complexity="1">
              <lines>
                <line number="33" hits="10" branch="False" />
                <line number="34" hits="10" branch="False" />
                <line number="35" hits="10" branch="False" />
              </lines>
            </method>
            <method name="IsValueType" signature="(System.String)" line-rate="1" branch-rate="1" complexity="66">
              <lines>
                <line number="41" hits="135" branch="False" />
                <line number="42" hits="135" branch="True" condition-coverage="100% (66/66)">
                  <conditions>
                    <condition number="18" type="jump" coverage="100%" />
                    <condition number="26" type="jump" coverage="100%" />
                    <condition number="34" type="jump" coverage="100%" />
                    <condition number="47" type="jump" coverage="100%" />
                    <condition number="76" type="jump" coverage="100%" />
                    <condition number="84" type="jump" coverage="100%" />
                    <condition number="113" type="jump" coverage="100%" />
                    <condition number="142" type="jump" coverage="100%" />
                    <condition number="150" type="jump" coverage="100%" />
                    <condition number="163" type="jump" coverage="100%" />
                    <condition number="189" type="jump" coverage="100%" />
                    <condition number="197" type="jump" coverage="100%" />
                    <condition number="223" type="jump" coverage="100%" />
                    <condition number="176" type="jump" coverage="100%" />
                    <condition number="236" type="jump" coverage="100%" />
                    <condition number="207" type="jump" coverage="100%" />
                    <condition number="126" type="jump" coverage="100%" />
                    <condition number="60" type="jump" coverage="100%" />
                    <condition number="97" type="jump" coverage="100%" />
                    <condition number="254" type="jump" coverage="100%" />
                    <condition number="275" type="jump" coverage="100%" />
                    <condition number="296" type="jump" coverage="100%" />
                    <condition number="317" type="jump" coverage="100%" />
                    <condition number="338" type="jump" coverage="100%" />
                    <condition number="359" type="jump" coverage="100%" />
                    <condition number="374" type="jump" coverage="100%" />
                    <condition number="389" type="jump" coverage="100%" />
                    <condition number="404" type="jump" coverage="100%" />
                    <condition number="419" type="jump" coverage="100%" />
                    <condition number="434" type="jump" coverage="100%" />
                    <condition number="449" type="jump" coverage="100%" />
                    <condition number="464" type="jump" coverage="100%" />
                    <condition number="479" type="jump" coverage="100%" />
                  </conditions>
                </line>
                <line number="43" hits="135" branch="False" />
                <line number="44" hits="135" branch="False" />
                <line number="45" hits="135" branch="False" />
                <line number="46" hits="135" branch="False" />
                <line number="47" hits="126" branch="False" />
                <line number="48" hits="9" branch="False" />
                <line number="49" hits="135" branch="False" />
                <line number="50" hits="135" branch="False" />
              </lines>
            </method>
            <method name="GetCppTypeName" signature="(System.String,System.Boolean)" line-rate="1" branch-rate="1" complexity="14">
              <lines>
                <line number="56" hits="73" branch="False" />
                <line number="58" hits="73" branch="True" condition-coverage="100% (2/2)">
                  <conditions>
                    <condition number="14" type="jump" coverage="100%" />
                  </conditions>
                </line>
                <line number="59" hits="1" branch="False" />
                <line number="60" hits="1" branch="False" />
                <line number="61" hits="1" branch="False" />
                <line number="64" hits="72" branch="True" condition-coverage="100% (2/2)">
                  <conditions>
                    <condition number="77" type="jump" coverage="100%" />
                  </conditions>
                </line>
                <line number="65" hits="1" branch="False" />
                <line number="66" hits="1" branch="False" />
                <line number="67" hits="1" branch="False" />
                <line number="71" hits="71" branch="True" condition-coverage="100% (2/2)">
                  <conditions>
                    <condition number="139" type="jump" coverage="100%" />
                  </conditions>
                </line>
                <line number="72" hits="1" branch="False" />
                <line number="73" hits="1" branch="False" />
                <line number="77" hits="70" branch="True" condition-coverage="100% (2/2)">
                  <conditions>
                    <condition number="168" type="jump" coverage="100%" />
                  </conditions>
                </line>
                <line number="78" hits="68" branch="False" />
                <line number="79" hits="68" branch="True" condition-coverage="100% (6/6)">
                  <conditions>
                    <condition number="177" type="jump" coverage="100%" />
                    <condition number="180" type="jump" coverage="100%" />
                    <condition number="200" type="jump" coverage="100%" />
                  </conditions>
                </line>
                <line number="80" hits="3" branch="False" />
                <line number="81" hits="65" branch="False" />
                <line number="85" hits="2" branch="False" />
                <line number="86" hits="2" branch="False" />
                <line number="87" hits="73" branch="False" />
              </lines>
            </method>
            <method name="GetCppTypeForDecl" signature="(System.String)" line-rate="1" branch-rate="1" complexity="6">
              <lines>
                <line number="94" hits="51" branch="False" />
                <line number="95" hits="52" branch="True" condition-coverage="100% (2/2)">
                  <conditions>
                    <condition number="14" type="jump" coverage="100%" />
                  </conditions>
                </line>
                <line number="97" hits="50" branch="True" condition-coverage="100% (2/2)">
                  <conditions>
                    <condition number="32" type="jump" coverage="100%" />
                  </conditions>
                </line>
                <line number="98" hits="48" branch="False" />
                <line number="100" hits="2" branch="False" />
                <line number="101" hits="2" branch="True" condition-coverage="100% (2/2)">
                  <conditions>
                    <condition number="70" type="jump" coverage="100%" />
                  </conditions>
                </line>
                <line number="102" hits="1" branch="False" />
                <line number="103" hits="1" branch="False" />
                <line number="104" hits="51" branch="False" />
              </lines>
            </method>
            <method name="MangleTypeName" signature="(System.String)" line-rate="1" branch-rate="1" complexity="1">
              <lines>
                <line number="110" hits="8" branch="False" />
                <line number="111" hits="8" branch="False" />
                <line number="112" hits="8" branch="False" />
                <line number="113" hits="8" branch="False" />
                <line number="114" hits="8" branch="False" />
                <line number="115" hits="8" branch="False" />
                <line number="116" hits="8" branch="False" />
                <line number="117" hits="8" branch="False" />
                <line number="118" hits="8" branch="False" />
                <line number="119" hits="8" branch="False" />
                <line number="120" hits="8" branch="False" />
              </lines>
            </method>
            <method name="MangleMethodName" signature="(System.String,System.String)" line-rate="1" branch-rate="1" complexity="1">
              <lines>
                <line number="126" hits="3" branch="False" />
                <line number="127" hits="3" branch="False" />
                <line number="128" hits="3" branch="False" />
                <line number="129" hits="3" branch="False" />
                <line number="130" hits="3" branch="False" />
                <line number="131" hits="3" branch="False" />
                <line number="133" hits="3" branch="False" />
                <line number="134" hits="3" branch="False" />
              </lines>
            </method>
            <method name="MangleFieldName" signature="(System.String)" line-rate="1" branch-rate="1" complexity="2">
              <lines>
                <line number="140" hits="4" branch="False" />
                <line number="142" hits="4" branch="False" />
                <line number="143" hits="5" branch="True" condition-coverage="100% (2/2)">
                  <conditions>
                    <condition number="21" type="jump" coverage="100%" />
                  </conditions>
                </line>
                <line number="146" hits="4" branch="False" />
                <line number="147" hits="4" branch="False" />
              </lines>
            </method>
            <method name="GetDefaultValue" signature="(System.String)" line-rate="1" branch-rate="0.8454" complexity="110">
              <lines>
                <line number="153" hits="15" branch="False" />
                <line number="154" hits="15" branch="True" condition-coverage="84.54% (93/110)">
                  <conditions>
                    <condition number="18" type="jump" coverage="100%" />
                    <condition number="29" type="jump" coverage="100%" />
                    <condition number="37" type="jump" coverage="100%" />
                    <condition number="45" type="jump" coverage="50%" />
                    <condition number="58" type="jump" coverage="50%" />
                    <condition number="87" type="jump" coverage="50%" />
                    <condition number="100" type="jump" coverage="0%" />
                    <condition number="129" type="jump" coverage="100%" />
                    <condition number="137" type="jump" coverage="50%" />
                    <condition number="150" type="jump" coverage="50%" />
                    <condition number="179" type="jump" coverage="100%" />
                    <condition number="192" type="jump" coverage="50%" />
                    <condition number="221" type="jump" coverage="100%" />
                    <condition number="229" type="jump" coverage="100%" />
                    <condition number="237" type="jump" coverage="100%" />
                    <condition number="250" type="jump" coverage="50%" />
                    <condition number="279" type="jump" coverage="100%" />
                    <condition number="292" type="jump" coverage="50%" />
                    <condition number="321" type="jump" coverage="100%" />
                    <condition number="329" type="jump" coverage="50%" />
                    <condition number="339" type="jump" coverage="50%" />
                    <condition number="368" type="jump" coverage="100%" />
                    <condition number="381" type="jump" coverage="50%" />
                    <condition number="113" type="jump" coverage="50%" />
                    <condition number="394" type="jump" coverage="100%" />
                    <condition number="352" type="jump" coverage="50%" />
                    <condition number="71" type="jump" coverage="50%" />
                    <condition number="263" type="jump" coverage="50%" />
                    <condition number="163" type="jump" coverage="100%" />
                    <condition number="305" type="jump" coverage="100%" />
                    <condition number="205" type="jump" coverage="100%" />
                    <condition number="412" type="jump" coverage="100%" />
                    <condition number="433" type="jump" coverage="100%" />
                    <condition number="454" type="jump" coverage="100%" />
                    <condition number="475" type="jump" coverage="100%" />
                    <condition number="496" type="jump" coverage="100%" />
                    <condition number="517" type="jump" coverage="100%" />
                    <condition number="538" type="jump" coverage="100%" />
                    <condition number="559" type="jump" coverage="100%" />
                    <condition number="580" type="jump" coverage="100%" />
                    <condition number="601" type="jump" coverage="100%" />
                    <condition number="622" type="jump" coverage="100%" />
                    <condition number="643" type="jump" coverage="100%" />
                    <condition number="664" type="jump" coverage="100%" />
                    <condition number="685" type="jump" coverage="100%" />
                    <condition number="706" type="jump" coverage="100%" />
                    <condition number="727" type="jump" coverage="100%" />
                    <condition number="748" type="jump" coverage="100%" />
                    <condition number="769" type="jump" coverage="100%" />
                    <condition number="790" type="jump" coverage="100%" />
                    <condition number="811" type="jump" coverage="100%" />
                    <condition number="829" type="jump" coverage="100%" />
                    <condition number="844" type="jump" coverage="100%" />
                    <condition number="859" type="jump" coverage="100%" />
                    <condition number="874" type="jump" coverage="100%" />
                  </conditions>
                </line>
                <line number="155" hits="15" branch="False" />
                <line number="156" hits="15" branch="False" />
                <line number="157" hits="1" branch="False" />
                <line number="158" hits="15" branch="False" />
                <line number="159" hits="15" branch="False" />
                <line number="160" hits="15" branch="False" />
                <line number="161" hits="2" branch="False" />
                <line number="162" hits="1" branch="False" />
                <line number="163" hits="1" branch="False" />
                <line number="164" hits="1" branch="False" />
                <line number="165" hits="15" branch="False" />
                <line number="166" hits="1" branch="False" />
                <line number="167" hits="15" branch="False" />
                <line number="168" hits="15" branch="False" />
                <line number="169" hits="15" branch="False" />
                <line number="170" hits="2" branch="False" />
                <line number="171" hits="1" branch="False" />
                <line number="172" hits="1" branch="False" />
                <line number="173" hits="1" branch="False" />
                <line number="174" hits="3" branch="False" />
                <line number="175" hits="15" branch="False" />
                <line number="176" hits="15" branch="False" />
              </lines>
            </method>
            <method name=".cctor" signature="()" line-rate="1" branch-rate="1" complexity="1">
              <lines>
                <line number="8" hits="1" branch="False" />
                <line number="9" hits="1" branch="False" />
                <line number="10" hits="1" branch="False" />
                <line number="11" hits="1" branch="False" />
                <line number="12" hits="1" branch="False" />
                <line number="13" hits="1" branch="False" />
                <line number="14" hits="1" branch="False" />
                <line number="15" hits="1" branch="False" />
                <line number="16" hits="1" branch="False" />
                <line number="17" hits="1" branch="False" />
                <line number="18" hits="1" branch="False" />
                <line number="19" hits="1" branch="False" />
                <line number="20" hits="1" branch="False" />
                <line number="21" hits="1" branch="False" />
                <line number="22" hits="1" branch="False" />
                <line number="23" hits="1" branch="False" />
                <line number="24" hits="1" branch="False" />
                <line number="25" hits="1" branch="False" />
                <line number="26" hits="1" branch="False" />
                <line number="27" hits="1" branch="False" />
              </lines>
            </method>
          </methods>
          <lines>
            <line number="33" hits="10" branch="False" />
            <line number="34" hits="10" branch="False" />
            <line number="35" hits="10" branch="False" />
            <line number="41" hits="135" branch="False" />
            <line number="42" hits="135" branch="True" condition-coverage="100% (66/66)">
              <conditions>
                <condition number="18" type="jump" coverage="100%" />
                <condition number="26" type="jump" coverage="100%" />
                <condition number="34" type="jump" coverage="100%" />
                <condition number="47" type="jump" coverage="100%" />
                <condition number="76" type="jump" coverage="100%" />
                <condition number="84" type="jump" coverage="100%" />
                <condition number="113" type="jump" coverage="100%" />
                <condition number="142" type="jump" coverage="100%" />
                <condition number="150" type="jump" coverage="100%" />
                <condition number="163" type="jump" coverage="100%" />
                <condition number="189" type="jump" coverage="100%" />
                <condition number="197" type="jump" coverage="100%" />
                <condition number="223" type="jump" coverage="100%" />
                <condition number="176" type="jump" coverage="100%" />
                <condition number="236" type="jump" coverage="100%" />
                <condition number="207" type="jump" coverage="100%" />
                <condition number="126" type="jump" coverage="100%" />
                <condition number="60" type="jump" coverage="100%" />
                <condition number="97" type="jump" coverage="100%" />
                <condition number="254" type="jump" coverage="100%" />
                <condition number="275" type="jump" coverage="100%" />
                <condition number="296" type="jump" coverage="100%" />
                <condition number="317" type="jump" coverage="100%" />
                <condition number="338" type="jump" coverage="100%" />
                <condition number="359" type="jump" coverage="100%" />
                <condition number="374" type="jump" coverage="100%" />
                <condition number="389" type="jump" coverage="100%" />
                <condition number="404" type="jump" coverage="100%" />
                <condition number="419" type="jump" coverage="100%" />
                <condition number="434" type="jump" coverage="100%" />
                <condition number="449" type="jump" coverage="100%" />
                <condition number="464" type="jump" coverage="100%" />
                <condition number="479" type="jump" coverage="100%" />
              </conditions>
            </line>
            <line number="43" hits="135" branch="False" />
            <line number="44" hits="135" branch="False" />
            <line number="45" hits="135" branch="False" />
            <line number="46" hits="135" branch="False" />
            <line number="47" hits="126" branch="False" />
            <line number="48" hits="9" branch="False" />
            <line number="49" hits="135" branch="False" />
            <line number="50" hits="135" branch="False" />
            <line number="56" hits="73" branch="False" />
            <line number="58" hits="73" branch="True" condition-coverage="100% (2/2)">
              <conditions>
                <condition number="14" type="jump" coverage="100%" />
              </conditions>
            </line>
            <line number="59" hits="1" branch="False" />
            <line number="60" hits="1" branch="False" />
            <line number="61" hits="1" branch="False" />
            <line number="64" hits="72" branch="True" condition-coverage="100% (2/2)">
              <conditions>
                <condition number="77" type="jump" coverage="100%" />
              </conditions>
            </line>
            <line number="65" hits="1" branch="False" />
            <line number="66" hits="1" branch="False" />
            <line number="67" hits="1" branch="False" />
            <line number="71" hits="71" branch="True" condition-coverage="100% (2/2)">
              <conditions>
                <condition number="139" type="jump" coverage="100%" />
              </conditions>
            </line>
            <line number="72" hits="1" branch="False" />
            <line number="73" hits="1" branch="False" />
            <line number="77" hits="70" branch="True" condition-coverage="100% (2/2)">
              <conditions>
                <condition number="168" type="jump" coverage="100%" />
              </conditions>
            </line>
            <line number="78" hits="68" branch="False" />
            <line number="79" hits="68" branch="True" condition-coverage="100% (6/6)">
              <conditions>
                <condition number="177" type="jump" coverage="100%" />
                <condition number="180" type="jump" coverage="100%" />
                <condition number="200" type="jump" coverage="100%" />
              </conditions>
            </line>
            <line number="80" hits="3" branch="False" />
            <line number="81" hits="65" branch="False" />
            <line number="85" hits="2" branch="False" />
            <line number="86" hits="2" branch="False" />
            <line number="87" hits="73" branch="False" />
            <line number="94" hits="51" branch="False" />
            <line number="95" hits="52" branch="True" condition-coverage="100% (2/2)">
              <conditions>
                <condition number="14" type="jump" coverage="100%" />
              </conditions>
            </line>
            <line number="97" hits="50" branch="True" condition-coverage="100% (2/2)">
              <conditions>
                <condition number="32" type="jump" coverage="100%" />
              </conditions>
            </line>
            <line number="98" hits="48" branch="False" />
            <line number="100" hits="2" branch="False" />
            <line number="101" hits="2" branch="True" condition-coverage="100% (2/2)">
              <conditions>
                <condition number="70" type="jump" coverage="100%" />
              </conditions>
            </line>
            <line number="102" hits="1" branch="False" />
            <line number="103" hits="1" branch="False" />
            <line number="104" hits="51" branch="False" />
            <line number="110" hits="8" branch="False" />
            <line number="111" hits="8" branch="False" />
            <line number="112" hits="8" branch="False" />
            <line number="113" hits="8" branch="False" />
            <line number="114" hits="8" branch="False" />
            <line number="115" hits="8" branch="False" />
            <line number="116" hits="8" branch="False" />
            <line number="117" hits="8" branch="False" />
            <line number="118" hits="8" branch="False" />
            <line number="119" hits="8" branch="False" />
            <line number="120" hits="8" branch="False" />
            <line number="126" hits="3" branch="False" />
            <line number="127" hits="3" branch="False" />
            <line number="128" hits="3" branch="False" />
            <line number="129" hits="3" branch="False" />
            <line number="130" hits="3" branch="False" />
            <line number="131" hits="3" branch="False" />
            <line number="133" hits="3" branch="False" />
            <line number="134" hits="3" branch="False" />
            <line number="140" hits="4" branch="False" />
            <line number="142" hits="4" branch="False" />
            <line number="143" hits="5" branch="True" condition-coverage="100% (2/2)">
              <conditions>
                <condition number="21" type="jump" coverage="100%" />
              </conditions>
            </line>
            <line number="146" hits="4" branch="False" />
            <line number="147" hits="4" branch="False" />
            <line number="153" hits="15" branch="False" />
            <line number="154" hits="15" branch="True" condition-coverage="84.54% (93/110)">
              <conditions>
                <condition number="18" type="jump" coverage="100%" />
                <condition number="29" type="jump" coverage="100%" />
                <condition number="37" type="jump" coverage="100%" />
                <condition number="45" type="jump" coverage="50%" />
                <condition number="58" type="jump" coverage="50%" />
                <condition number="87" type="jump" coverage="50%" />
                <condition number="100" type="jump" coverage="0%" />
                <condition number="129" type="jump" coverage="100%" />
                <condition number="137" type="jump" coverage="50%" />
                <condition number="150" type="jump" coverage="50%" />
                <condition number="179" type="jump" coverage="100%" />
                <condition number="192" type="jump" coverage="50%" />
                <condition number="221" type="jump" coverage="100%" />
                <condition number="229" type="jump" coverage="100%" />
                <condition number="237" type="jump" coverage="100%" />
                <condition number="250" type="jump" coverage="50%" />
                <condition number="279" type="jump" coverage="100%" />
                <condition number="292" type="jump" coverage="50%" />
                <condition number="321" type="jump" coverage="100%" />
                <condition number="329" type="jump" coverage="50%" />
                <condition number="339" type="jump" coverage="50%" />
                <condition number="368" type="jump" coverage="100%" />
                <condition number="381" type="jump" coverage="50%" />
                <condition number="113" type="jump" coverage="50%" />
                <condition number="394" type="jump" coverage="100%" />
                <condition number="352" type="jump" coverage="50%" />
                <condition number="71" type="jump" coverage="50%" />
                <condition number="263" type="jump" coverage="50%" />
                <condition number="163" type="jump" coverage="100%" />
                <condition number="305" type="jump" coverage="100%" />
                <condition number="205" type="jump" coverage="100%" />
                <condition number="412" type="jump" coverage="100%" />
                <condition number="433" type="jump" coverage="100%" />
                <condition number="454" type="jump" coverage="100%" />
                <condition number="475" type="jump" coverage="100%" />
                <condition number="496" type="jump" coverage="100%" />
                <condition number="517" type="jump" coverage="100%" />
                <condition number="538" type="jump" coverage="100%" />
                <condition number="559" type="jump" coverage="100%" />
                <condition number="580" type="jump" coverage="100%" />
                <condition number="601" type="jump" coverage="100%" />
                <condition number="622" type="jump" coverage="100%" />
                <condition number="643" type="jump" coverage="100%" />
                <condition number="664" type="jump" coverage="100%" />
                <condition number="685" type="jump" coverage="100%" />
                <condition number="706" type="jump" coverage="100%" />
                <condition number="727" type="jump" coverage="100%" />
                <condition number="748" type="jump" coverage="100%" />
                <condition number="769" type="jump" coverage="100%" />
                <condition number="790" type="jump" coverage="100%" />
                <condition number="811" type="jump" coverage="100%" />
                <condition number="829" type="jump" coverage="100%" />
                <condition number="844" type="jump" coverage="100%" />
                <condition number="859" type="jump" coverage="100%" />
                <condition number="874" type="jump" coverage="100%" />
              </conditions>
            </line>
            <line number="155" hits="15" branch="False" />
            <line number="156" hits="15" branch="False" />
            <line number="157" hits="1" branch="False" />
            <line number="158" hits="15" branch="False" />
            <line number="159" hits="15" branch="False" />
            <line number="160" hits="15" branch="False" />
            <line number="161" hits="2" branch="False" />
            <line number="162" hits="1" branch="False" />
            <line number="163" hits="1" branch="False" />
            <line number="164" hits="1" branch="False" />
            <line number="165" hits="15" branch="False" />
            <line number="166" hits="1" branch="False" />
            <line number="167" hits="15" branch="False" />
            <line number="168" hits="15" branch="False" />
            <line number="169" hits="15" branch="False" />
            <line number="170" hits="2" branch="False" />
            <line number="171" hits="1" branch="False" />
            <line number="172" hits="1" branch="False" />
            <line number="173" hits="1" branch="False" />
            <line number="174" hits="3" branch="False" />
            <line number="175" hits="15" branch="False" />
            <line number="176" hits="15" branch="False" />
            <line number="8" hits="1" branch="False" />
            <line number="9" hits="1" branch="False" />
            <line number="10" hits="1" branch="False" />
            <line number="11" hits="1" branch="False" />
            <line number="12" hits="1" branch="False" />
            <line number="13" hits="1" branch="False" />
            <line number="14" hits="1" branch="False" />
            <line number="15" hits="1" branch="False" />
            <line number="16" hits="1" branch="False" />
            <line number="17" hits="1" branch="False" />
            <line number="18" hits="1" branch="False" />
            <line number="19" hits="1" branch="False" />
            <line number="20" hits="1" branch="False" />
            <line number="21" hits="1" branch="False" />
            <line number="22" hits="1" branch="False" />
            <line number="23" hits="1" branch="False" />
            <line number="24" hits="1" branch="False" />
            <line number="25" hits="1" branch="False" />
            <line number="26" hits="1" branch="False" />
            <line number="27" hits="1" branch="False" />
          </lines>
        </class>
        <class name="CIL2CPP.Core.IR.IRBuilder" filename="IR\IRBuilder.cs" line-rate="0" branch-rate="0" complexity="459">
          <methods>
            <method name="Build" signature="()" line-rate="0" branch-rate="0" complexity="18">
              <lines>
                <line number="29" hits="0" branch="False" />
                <line number="31" hits="0" branch="True" condition-coverage="0% (0/2)">
                  <conditions>
                    <condition number="81" type="jump" coverage="0%" />
                  </conditions>
                </line>
                <line number="32" hits="0" branch="False" />
                <line number="33" hits="0" branch="False" />
                <line number="34" hits="0" branch="False" />
                <line number="35" hits="0" branch="False" />
                <line number="36" hits="0" branch="False" />
                <line number="39" hits="0" branch="True" condition-coverage="0% (0/2)">
                  <conditions>
                    <condition number="171" type="jump" coverage="0%" />
                  </conditions>
                </line>
                <line number="40" hits="0" branch="False" />
                <line number="41" hits="0" branch="True" condition-coverage="0% (0/2)">
                  <conditions>
                    <condition number="149" type="jump" coverage="0%" />
                  </conditions>
                </line>
                <line number="42" hits="0" branch="False" />
                <line number="43" hits="0" branch="False" />
                <line number="44" hits="0" branch="False" />
                <line number="45" hits="0" branch="False" />
                <line number="48" hits="0" branch="True" condition-coverage="0% (0/2)">
                  <conditions>
                    <condition number="398" type="jump" coverage="0%" />
                  </conditions>
                </line>
                <line number="49" hits="0" branch="False" />
                <line number="50" hits="0" branch="True" condition-coverage="0% (0/2)">
                  <conditions>
                    <condition number="244" type="jump" coverage="0%" />
                  </conditions>
                </line>
                <line number="51" hits="0" branch="False" />
                <line number="52" hits="0" branch="True" condition-coverage="0% (0/2)">
                  <conditions>
                    <condition number="372" type="jump" coverage="0%" />
                  </conditions>
                </line>
                <line number="53" hits="0" branch="False" />
                <line number="54" hits="0" branch="False" />
                <line number="55" hits="0" branch="False" />
                <line number="58" hits="0" branch="True" condition-coverage="0% (0/4)">
                  <conditions>
                    <condition number="321" type="jump" coverage="0%" />
                    <condition number="337" type="jump" coverage="0%" />
                  </conditions>
                </line>
                <line number="59" hits="0" branch="False" />
                <line number="60" hits="0" branch="False" />
                <line number="61" hits="0" branch="False" />
                <line number="62" hits="0" branch="False" />
                <line number="63" hits="0" branch="False" />
                <line number="64" hits="0" branch="False" />
                <line number="65" hits="0" branch="False" />
                <line number="68" hits="0" branch="True" condition-coverage="0% (0/2)">
                  <conditions>
                    <condition number="466" type="jump" coverage="0%" />
                  </conditions>
                </line>
                <line number="69" hits="0" branch="False" />
                <line number="70" hits="0" branch="False" />
                <line number="71" hits="0" branch="False" />
                <line number="73" hits="0" branch="False" />
                <line number="74" hits="0" branch="False" />
              </lines>
            </method>
            <method name="CreateTypeShell" signature="(CIL2CPP.Core.IL.TypeDefinitionInfo)" line-rate="0" branch-rate="1" complexity="1">
              <lines>
                <line number="77" hits="0" branch="False" />
                <line number="78" hits="0" branch="False" />
                <line number="80" hits="0" branch="False" />
                <line number="81" hits="0" branch="False" />
                <line number="82" hits="0" branch="False" />
                <line number="83" hits="0" branch="False" />
                <line number="84" hits="0" branch="False" />
                <line number="85" hits="0" branch="False" />
                <line number="86" hits="0" branch="False" />
                <line number="87" hits="0" branch="False" />
                <line number="88" hits="0" branch="False" />
                <line number="89" hits="0" branch="False" />
                <line number="90" hits="0" branch="False" />
                <line number="91" hits="0" branch="False" />
                <line number="92" hits="0" branch="False" />
              </lines>
            </method>
            <method name="PopulateTypeDetails" signature="(CIL2CPP.Core.IL.TypeDefinitionInfo,CIL2CPP.Core.IR.IRType)" line-rate="0" branch-rate="0" complexity="14">
              <lines>
                <line number="95" hits="0" branch="False" />
                <line number="97" hits="0" branch="True" condition-coverage="0% (0/4)">
                  <conditions>
                    <condition number="7" type="jump" coverage="0%" />
                    <condition number="33" type="jump" coverage="0%" />
                  </conditions>
                </line>
                <line number="98" hits="0" branch="False" />
                <line number="99" hits="0" branch="False" />
                <line number="100" hits="0" branch="False" />
                <line number="103" hits="0" branch="True" condition-coverage="0% (0/2)">
                  <conditions>
                    <condition number="111" type="jump" coverage="0%" />
                  </conditions>
                </line>
                <line number="104" hits="0" branch="False" />
                <line number="105" hits="0" branch="True" condition-coverage="0% (0/2)">
                  <conditions>
                    <condition number="86" type="jump" coverage="0%" />
                  </conditions>
                </line>
                <line number="106" hits="0" branch="False" />
                <line number="107" hits="0" branch="False" />
                <line number="108" hits="0" branch="False" />
                <line number="109" hits="0" branch="False" />
                <line number="112" hits="0" branch="True" condition-coverage="0% (0/2)">
                  <conditions>
                    <condition number="334" type="jump" coverage="0%" />
                  </conditions>
                </line>
                <line number="113" hits="0" branch="False" />
                <line number="114" hits="0" branch="False" />
                <line number="115" hits="0" branch="False" />
                <line number="116" hits="0" branch="False" />
                <line number="117" hits="0" branch="False" />
                <line number="118" hits="0" branch="False" />
                <line number="119" hits="0" branch="False" />
                <line number="120" hits="0" branch="False" />
                <line number="121" hits="0" branch="False" />
                <line number="122" hits="0" branch="False" />
                <line number="124" hits="0" branch="True" condition-coverage="0% (0/2)">
                  <conditions>
                    <condition number="269" type="jump" coverage="0%" />
                  </conditions>
                </line>
                <line number="125" hits="0" branch="False" />
                <line number="126" hits="0" branch="False" />
                <line number="127" hits="0" branch="False" />
                <line number="129" hits="0" branch="True" condition-coverage="0% (0/2)">
                  <conditions>
                    <condition number="294" type="jump" coverage="0%" />
                  </conditions>
                </line>
                <line number="130" hits="0" branch="False" />
                <line number="132" hits="0" branch="False" />
                <line number="133" hits="0" branch="False" />
                <line number="136" hits="0" branch="False" />
                <line number="137" hits="0" branch="False" />
              </lines>
            </method>
            <method name="CalculateInstanceSize" signature="(CIL2CPP.Core.IR.IRType)" line-rate="0" branch-rate="0" complexity="6">
              <lines>
                <line number="140" hits="0" branch="False" />
                <line number="142" hits="0" branch="True" condition-coverage="0% (0/2)">
                  <conditions>
                    <condition number="7" type="jump" coverage="0%" />
                  </conditions>
                </line>
                <line number="145" hits="0" branch="True" condition-coverage="0% (0/2)">
                  <conditions>
                    <condition number="26" type="jump" coverage="0%" />
                  </conditions>
                </line>
                <line number="146" hits="0" branch="False" />
                <line number="147" hits="0" branch="False" />
                <line number="148" hits="0" branch="False" />
                <line number="151" hits="0" branch="True" condition-coverage="0% (0/2)">
                  <conditions>
                    <condition number="128" type="jump" coverage="0%" />
                  </conditions>
                </line>
                <line number="152" hits="0" branch="False" />
                <line number="153" hits="0" branch="False" />
                <line number="154" hits="0" branch="False" />
                <line number="157" hits="0" branch="False" />
                <line number="158" hits="0" branch="False" />
                <line number="159" hits="0" branch="False" />
                <line number="160" hits="0" branch="False" />
                <line number="163" hits="0" branch="False" />
                <line number="164" hits="0" branch="False" />
                <line number="165" hits="0" branch="False" />
              </lines>
            </method>
            <method name="GetFieldSize" signature="(System.String)" line-rate="0" branch-rate="0" complexity="54">
              <lines>
                <line number="168" hits="0" branch="False" />
                <line number="169" hits="0" branch="True" condition-coverage="0% (0/54)">
                  <conditions>
                    <condition number="18" type="jump" coverage="0%" />
                    <condition number="26" type="jump" coverage="0%" />
                    <condition number="34" type="jump" coverage="0%" />
                    <condition number="47" type="jump" coverage="0%" />
                    <condition number="76" type="jump" coverage="0%" />
                    <condition number="89" type="jump" coverage="0%" />
                    <condition number="118" type="jump" coverage="0%" />
                    <condition number="126" type="jump" coverage="0%" />
                    <condition number="139" type="jump" coverage="0%" />
                    <condition number="165" type="jump" coverage="0%" />
                    <condition number="175" type="jump" coverage="0%" />
                    <condition number="152" type="jump" coverage="0%" />
                    <condition number="188" type="jump" coverage="0%" />
                    <condition number="102" type="jump" coverage="0%" />
                    <condition number="60" type="jump" coverage="0%" />
                    <condition number="206" type="jump" coverage="0%" />
                    <condition number="227" type="jump" coverage="0%" />
                    <condition number="248" type="jump" coverage="0%" />
                    <condition number="269" type="jump" coverage="0%" />
                    <condition number="290" type="jump" coverage="0%" />
                    <condition number="305" type="jump" coverage="0%" />
                    <condition number="320" type="jump" coverage="0%" />
                    <condition number="335" type="jump" coverage="0%" />
                    <condition number="350" type="jump" coverage="0%" />
                    <condition number="365" type="jump" coverage="0%" />
                    <condition number="380" type="jump" coverage="0%" />
                    <condition number="395" type="jump" coverage="0%" />
                  </conditions>
                </line>
                <line number="170" hits="0" branch="False" />
                <line number="171" hits="0" branch="False" />
                <line number="172" hits="0" branch="False" />
                <line number="173" hits="0" branch="False" />
                <line number="174" hits="0" branch="False" />
                <line number="175" hits="0" branch="False" />
                <line number="176" hits="0" branch="False" />
                <line number="177" hits="0" branch="False" />
              </lines>
            </method>
            <method name="GetFieldAlignment" signature="(System.String)" line-rate="0" branch-rate="1" complexity="1">
              <lines>
                <line number="180" hits="0" branch="False" />
                <line number="181" hits="0" branch="False" />
                <line number="182" hits="0" branch="False" />
              </lines>
            </method>
            <method name="ConvertMethod" signature="(CIL2CPP.Core.IL.MethodInfo,CIL2CPP.Core.IR.IRType)" line-rate="0" branch-rate="0" complexity="14">
              <lines>
                <line number="185" hits="0" branch="False" />
                <line number="186" hits="0" branch="False" />
                <line number="188" hits="0" branch="False" />
                <line number="189" hits="0" branch="False" />
                <line number="190" hits="0" branch="False" />
                <line number="191" hits="0" branch="False" />
                <line number="192" hits="0" branch="False" />
                <line number="193" hits="0" branch="False" />
                <line number="194" hits="0" branch="False" />
                <line number="195" hits="0" branch="False" />
                <line number="196" hits="0" branch="False" />
                <line number="197" hits="0" branch="False" />
                <line number="198" hits="0" branch="False" />
                <line number="201" hits="0" branch="True" condition-coverage="0% (0/2)">
                  <conditions>
                    <condition number="145" type="jump" coverage="0%" />
                  </conditions>
                </line>
                <line number="202" hits="0" branch="False" />
                <line number="203" hits="0" branch="False" />
                <line number="204" hits="0" branch="False" />
                <line number="207" hits="0" branch="True" condition-coverage="0% (0/2)">
                  <conditions>
                    <condition number="375" type="jump" coverage="0%" />
                  </conditions>
                </line>
                <line number="208" hits="0" branch="False" />
                <line number="209" hits="0" branch="True" condition-coverage="0% (0/2)">
                  <conditions>
                    <condition number="219" type="jump" coverage="0%" />
                  </conditions>
                </line>
                <line number="210" hits="0" branch="False" />
                <line number="211" hits="0" branch="False" />
                <line number="212" hits="0" branch="False" />
                <line number="213" hits="0" branch="False" />
                <line number="214" hits="0" branch="False" />
                <line number="215" hits="0" branch="False" />
                <line number="217" hits="0" branch="True" condition-coverage="0% (0/2)">
                  <conditions>
                    <condition number="339" type="jump" coverage="0%" />
                  </conditions>
                </line>
                <line number="218" hits="0" branch="False" />
                <line number="219" hits="0" branch="False" />
                <line number="220" hits="0" branch="False" />
                <line number="222" hits="0" branch="False" />
                <line number="223" hits="0" branch="False" />
                <line number="226" hits="0" branch="True" condition-coverage="0% (0/2)">
                  <conditions>
                    <condition number="530" type="jump" coverage="0%" />
                  </conditions>
                </line>
                <line number="227" hits="0" branch="False" />
                <line number="228" hits="0" branch="False" />
                <line number="229" hits="0" branch="False" />
                <line number="230" hits="0" branch="False" />
                <line number="231" hits="0" branch="False" />
                <line number="232" hits="0" branch="False" />
                <line number="233" hits="0" branch="False" />
                <line number="234" hits="0" branch="False" />
                <line number="237" hits="0" branch="True" condition-coverage="0% (0/4)">
                  <conditions>
                    <condition number="553" type="jump" coverage="0%" />
                    <condition number="571" type="jump" coverage="0%" />
                  </conditions>
                </line>
                <line number="238" hits="0" branch="False" />
                <line number="239" hits="0" branch="False" />
                <line number="240" hits="0" branch="False" />
                <line number="242" hits="0" branch="False" />
                <line number="243" hits="0" branch="False" />
              </lines>
            </method>
            <method name="ConvertMethodBody" signature="(CIL2CPP.Core.IL.MethodInfo,CIL2CPP.Core.IR.IRMethod)" line-rate="0" branch-rate="0" complexity="32">
              <lines>
                <line number="249" hits="0" branch="False" />
                <line number="250" hits="0" branch="False" />
                <line number="251" hits="0" branch="False" />
                <line number="253" hits="0" branch="False" />
                <line number="254" hits="0" branch="True" condition-coverage="0% (0/2)">
                  <conditions>
                    <condition number="53" type="jump" coverage="0%" />
                  </conditions>
                </line>
                <line number="258" hits="0" branch="False" />
                <line number="259" hits="0" branch="True" condition-coverage="0% (0/4)">
                  <conditions>
                    <condition number="73" type="jump" coverage="0%" />
                    <condition number="93" type="jump" coverage="0%" />
                  </conditions>
                </line>
                <line number="260" hits="0" branch="False" />
                <line number="261" hits="0" branch="False" />
                <line number="262" hits="0" branch="True" condition-coverage="0% (0/2)">
                  <conditions>
                    <condition number="121" type="jump" coverage="0%" />
                  </conditions>
                </line>
                <line number="263" hits="0" branch="False" />
                <line number="264" hits="0" branch="False" />
                <line number="265" hits="0" branch="False" />
                <line number="266" hits="0" branch="False" />
                <line number="267" hits="0" branch="False" />
                <line number="268" hits="0" branch="False" />
                <line number="269" hits="0" branch="False" />
                <line number="270" hits="0" branch="False" />
                <line number="271" hits="0" branch="False" />
                <line number="272" hits="0" branch="False" />
                <line number="273" hits="0" branch="False" />
                <line number="274" hits="0" branch="False" />
                <line number="275" hits="0" branch="False" />
                <line number="276" hits="0" branch="False" />
                <line number="279" hits="0" branch="False" />
                <line number="280" hits="0" branch="True" condition-coverage="0% (0/2)">
                  <conditions>
                    <condition number="335" type="jump" coverage="0%" />
                  </conditions>
                </line>
                <line number="281" hits="0" branch="False" />
                <line number="282" hits="0" branch="True" condition-coverage="0% (0/4)">
                  <conditions>
                    <condition number="281" type="jump" coverage="0%" />
                    <condition number="309" type="jump" coverage="0%" />
                  </conditions>
                </line>
                <line number="283" hits="0" branch="False" />
                <line number="284" hits="0" branch="False" />
                <line number="285" hits="0" branch="False" />
                <line number="286" hits="0" branch="False" />
                <line number="289" hits="0" branch="False" />
                <line number="290" hits="0" branch="False" />
                <line number="292" hits="0" branch="True" condition-coverage="0% (0/2)">
                  <conditions>
                    <condition number="868" type="jump" coverage="0%" />
                  </conditions>
                </line>
                <line number="293" hits="0" branch="False" />
                <line number="295" hits="0" branch="True" condition-coverage="0% (0/2)">
                  <conditions>
                    <condition number="405" type="jump" coverage="0%" />
                  </conditions>
                </line>
                <line number="296" hits="0" branch="False" />
                <line number="297" hits="0" branch="False" />
                <line number="298" hits="0" branch="False" />
                <line number="300" hits="0" branch="False" />
                <line number="303" hits="0" branch="False" />
                <line number="304" hits="0" branch="False" />
                <line number="305" hits="0" branch="False" />
                <line number="306" hits="0" branch="False" />
                <line number="307" hits="0" branch="False" />
                <line number="309" hits="0" branch="False" />
                <line number="310" hits="0" branch="False" />
                <line number="313" hits="0" branch="True" condition-coverage="0% (0/2)">
                  <conditions>
                    <condition number="597" type="jump" coverage="0%" />
                  </conditions>
                </line>
                <line number="314" hits="0" branch="False" />
                <line number="316" hits="0" branch="False" />
                <line number="317" hits="0" branch="True" condition-coverage="0% (0/2)">
                  <conditions>
                    <condition number="614" type="jump" coverage="0%" />
                  </conditions>
                </line>
                <line number="318" hits="0" branch="False" />
                <line number="320" hits="0" branch="False" />
                <line number="321" hits="0" branch="True" condition-coverage="0% (0/2)">
                  <conditions>
                    <condition number="715" type="jump" coverage="0%" />
                  </conditions>
                </line>
                <line number="322" hits="0" branch="False" />
                <line number="323" hits="0" branch="False" />
                <line number="324" hits="0" branch="True" condition-coverage="0% (0/2)">
                  <conditions>
                    <condition number="677" type="jump" coverage="0%" />
                  </conditions>
                </line>
                <line number="325" hits="0" branch="False" />
                <line number="326" hits="0" branch="False" />
                <line number="327" hits="0" branch="False" />
                <line number="328" hits="0" branch="False" />
                <line number="330" hits="0" branch="False" />
                <line number="331" hits="0" branch="False" />
                <line number="332" hits="0" branch="False" />
                <line number="333" hits="0" branch="False" />
                <line number="334" hits="0" branch="True" condition-coverage="0% (0/2)">
                  <conditions>
                    <condition number="729" type="jump" coverage="0%" />
                  </conditions>
                </line>
                <line number="335" hits="0" branch="False" />
                <line number="336" hits="0" branch="False" />
                <line number="337" hits="0" branch="False" />
                <line number="338" hits="0" branch="False" />
                <line number="340" hits="0" branch="True" condition-coverage="0% (0/2)">
                  <conditions>
                    <condition number="757" type="jump" coverage="0%" />
                  </conditions>
                </line>
                <line number="341" hits="0" branch="False" />
                <line number="342" hits="0" branch="False" />
                <line number="344" hits="0" branch="True" condition-coverage="0% (0/2)">
                  <conditions>
                    <condition number="857" type="jump" coverage="0%" />
                  </conditions>
                </line>
                <line number="345" hits="0" branch="False" />
                <line number="346" hits="0" branch="False" />
                <line number="347" hits="0" branch="False" />
                <line number="348" hits="0" branch="False" />
                <line number="349" hits="0" branch="False" />
                <line number="350" hits="0" branch="False" />
              </lines>
            </method>
            <method name="ConvertInstruction" signature="(CIL2CPP.Core.IL.ILInstruction,CIL2CPP.Core.IR.IRBasicBlock,System.Collections.Generic.Stack`1&lt;System.String&gt;,CIL2CPP.Core.IR.IRMethod,System.Int32&amp;)" line-rate="0" branch-rate="0" complexity="209">
              <lines>
                <line number="354" hits="0" branch="False" />
                <line number="355" hits="0" branch="True" condition-coverage="0% (0/155)">
                  <conditions>
                    <condition number="15" type="switch" coverage="0%" />
                    <condition number="590" type="switch" coverage="0%" />
                  </conditions>
                </line>
                <line number="358" hits="0" branch="False" />
                <line number="359" hits="0" branch="False" />
                <line number="360" hits="0" branch="False" />
                <line number="361" hits="0" branch="False" />
                <line number="362" hits="0" branch="False" />
                <line number="363" hits="0" branch="False" />
                <line number="364" hits="0" branch="False" />
                <line number="365" hits="0" branch="False" />
                <line number="366" hits="0" branch="False" />
                <line number="367" hits="0" branch="False" />
                <line number="369" hits="0" branch="False" />
                <line number="370" hits="0" branch="False" />
                <line number="372" hits="0" branch="False" />
                <line number="373" hits="0" branch="False" />
                <line number="375" hits="0" branch="False" />
                <line number="376" hits="0" branch="False" />
                <line number="378" hits="0" branch="False" />
                <line number="379" hits="0" branch="False" />
                <line number="381" hits="0" branch="False" />
                <line number="382" hits="0" branch="False" />
                <line number="386" hits="0" branch="False" />
                <line number="387" hits="0" branch="False" />
                <line number="388" hits="0" branch="False" />
                <line number="389" hits="0" branch="False" />
                <line number="392" hits="0" branch="False" />
                <line number="393" hits="0" branch="False" />
                <line number="397" hits="0" branch="False" />
                <line number="398" hits="0" branch="False" />
                <line number="400" hits="0" branch="False" />
                <line number="401" hits="0" branch="False" />
                <line number="403" hits="0" branch="False" />
                <line number="404" hits="0" branch="False" />
                <line number="406" hits="0" branch="False" />
                <line number="407" hits="0" branch="False" />
                <line number="410" hits="0" branch="False" />
                <line number="411" hits="0" branch="True" condition-coverage="0% (0/2)">
                  <conditions>
                    <condition number="1205" type="jump" coverage="0%" />
                  </conditions>
                </line>
                <line number="412" hits="0" branch="True" condition-coverage="0% (0/2)">
                  <conditions>
                    <condition number="1231" type="jump" coverage="0%" />
                  </conditions>
                </line>
                <line number="413" hits="0" branch="False" />
                <line number="414" hits="0" branch="False" />
                <line number="419" hits="0" branch="False" />
                <line number="420" hits="0" branch="True" condition-coverage="0% (0/2)">
                  <conditions>
                    <condition number="1273" type="jump" coverage="0%" />
                  </conditions>
                </line>
                <line number="421" hits="0" branch="True" condition-coverage="0% (0/2)">
                  <conditions>
                    <condition number="1301" type="jump" coverage="0%" />
                  </conditions>
                </line>
                <line number="422" hits="0" branch="True" condition-coverage="0% (0/2)">
                  <conditions>
                    <condition number="1316" type="jump" coverage="0%" />
                  </conditions>
                </line>
                <line number="423" hits="0" branch="False" />
                <line number="424" hits="0" branch="False" />
                <line number="425" hits="0" branch="False" />
                <line number="426" hits="0" branch="False" />
                <line number="427" hits="0" branch="False" />
                <line number="428" hits="0" branch="False" />
                <line number="431" hits="0" branch="False" />
                <line number="432" hits="0" branch="False" />
                <line number="433" hits="0" branch="False" />
                <line number="434" hits="0" branch="False" />
                <line number="437" hits="0" branch="False" />
                <line number="438" hits="0" branch="True" condition-coverage="0% (0/2)">
                  <conditions>
                    <condition number="1484" type="jump" coverage="0%" />
                  </conditions>
                </line>
                <line number="439" hits="0" branch="False" />
                <line number="442" hits="0" branch="False" />
                <line number="443" hits="0" branch="False" />
                <line number="444" hits="0" branch="False" />
                <line number="445" hits="0" branch="False" />
                <line number="448" hits="0" branch="False" />
                <line number="449" hits="0" branch="True" condition-coverage="0% (0/2)">
                  <conditions>
                    <condition number="1600" type="jump" coverage="0%" />
                  </conditions>
                </line>
                <line number="450" hits="0" branch="False" />
                <line number="453" hits="0" branch="False" />
                <line number="454" hits="0" branch="False" />
                <line number="455" hits="0" branch="False" />
                <line number="456" hits="0" branch="False" />
                <line number="457" hits="0" branch="False" />
                <line number="458" hits="0" branch="False" />
                <line number="459" hits="0" branch="False" />
                <line number="460" hits="0" branch="False" />
                <line number="461" hits="0" branch="False" />
                <line number="462" hits="0" branch="False" />
                <line number="465" hits="0" branch="False" />
                <line number="466" hits="0" branch="True" condition-coverage="0% (0/2)">
                  <conditions>
                    <condition number="1841" type="jump" coverage="0%" />
                  </conditions>
                </line>
                <line number="467" hits="0" branch="False" />
                <line number="468" hits="0" branch="False" />
                <line number="469" hits="0" branch="False" />
                <line number="470" hits="0" branch="False" />
                <line number="474" hits="0" branch="False" />
                <line number="475" hits="0" branch="True" condition-coverage="0% (0/2)">
                  <conditions>
                    <condition number="1980" type="jump" coverage="0%" />
                  </conditions>
                </line>
                <line number="476" hits="0" branch="False" />
                <line number="477" hits="0" branch="False" />
                <line number="478" hits="0" branch="False" />
                <line number="479" hits="0" branch="False" />
                <line number="483" hits="0" branch="False" />
                <line number="484" hits="0" branch="False" />
                <line number="485" hits="0" branch="False" />
                <line number="490" hits="0" branch="False" />
                <line number="491" hits="0" branch="False" />
                <line number="492" hits="0" branch="False" />
                <line number="493" hits="0" branch="False" />
                <line number="498" hits="0" branch="False" />
                <line number="499" hits="0" branch="True" condition-coverage="0% (0/2)">
                  <conditions>
                    <condition number="2274" type="jump" coverage="0%" />
                  </conditions>
                </line>
                <line number="500" hits="0" branch="False" />
                <line number="501" hits="0" branch="False" />
                <line number="502" hits="0" branch="False" />
                <line number="503" hits="0" branch="False" />
                <line number="504" hits="0" branch="False" />
                <line number="505" hits="0" branch="False" />
                <line number="506" hits="0" branch="False" />
                <line number="511" hits="0" branch="False" />
                <line number="512" hits="0" branch="True" condition-coverage="0% (0/2)">
                  <conditions>
                    <condition number="2399" type="jump" coverage="0%" />
                  </conditions>
                </line>
                <line number="513" hits="0" branch="False" />
                <line number="514" hits="0" branch="False" />
                <line number="515" hits="0" branch="False" />
                <line number="516" hits="0" branch="False" />
                <line number="517" hits="0" branch="False" />
                <line number="518" hits="0" branch="False" />
                <line number="519" hits="0" branch="False" />
                <line number="524" hits="0" branch="False" />
                <line number="525" hits="0" branch="False" />
                <line number="528" hits="0" branch="False" />
                <line number="529" hits="0" branch="False" />
                <line number="532" hits="0" branch="False" />
                <line number="533" hits="0" branch="False" />
                <line number="536" hits="0" branch="False" />
                <line number="537" hits="0" branch="False" />
                <line number="540" hits="0" branch="False" />
                <line number="541" hits="0" branch="False" />
                <line number="544" hits="0" branch="False" />
                <line number="545" hits="0" branch="False" />
                <line number="549" hits="0" branch="False" />
                <line number="550" hits="0" branch="False" />
                <line number="551" hits="0" branch="True" condition-coverage="0% (0/2)">
                  <conditions>
                    <condition number="2672" type="jump" coverage="0%" />
                  </conditions>
                </line>
                <line number="552" hits="0" branch="False" />
                <line number="553" hits="0" branch="False" />
                <line number="554" hits="0" branch="False" />
                <line number="555" hits="0" branch="False" />
                <line number="556" hits="0" branch="False" />
                <line number="557" hits="0" branch="False" />
                <line number="558" hits="0" branch="False" />
                <line number="559" hits="0" branch="False" />
                <line number="560" hits="0" branch="False" />
                <line number="564" hits="0" branch="False" />
                <line number="565" hits="0" branch="False" />
                <line number="566" hits="0" branch="True" condition-coverage="0% (0/2)">
                  <conditions>
                    <condition number="2831" type="jump" coverage="0%" />
                  </conditions>
                </line>
                <line number="567" hits="0" branch="True" condition-coverage="0% (0/2)">
                  <conditions>
                    <condition number="2855" type="jump" coverage="0%" />
                  </conditions>
                </line>
                <line number="568" hits="0" branch="False" />
                <line number="569" hits="0" branch="False" />
                <line number="570" hits="0" branch="False" />
                <line number="571" hits="0" branch="False" />
                <line number="572" hits="0" branch="False" />
                <line number="573" hits="0" branch="False" />
                <line number="574" hits="0" branch="False" />
                <line number="575" hits="0" branch="False" />
                <line number="579" hits="0" branch="False" />
                <line number="580" hits="0" branch="False" />
                <line number="581" hits="0" branch="False" />
                <line number="582" hits="0" branch="False" />
                <line number="583" hits="0" branch="False" />
                <line number="584" hits="0" branch="False" />
                <line number="585" hits="0" branch="False" />
                <line number="586" hits="0" branch="False" />
                <line number="587" hits="0" branch="False" />
                <line number="588" hits="0" branch="False" />
                <line number="589" hits="0" branch="False" />
                <line number="593" hits="0" branch="False" />
                <line number="594" hits="0" branch="False" />
                <line number="595" hits="0" branch="True" condition-coverage="0% (0/2)">
                  <conditions>
                    <condition number="3110" type="jump" coverage="0%" />
                  </conditions>
                </line>
                <line number="596" hits="0" branch="False" />
                <line number="597" hits="0" branch="False" />
                <line number="598" hits="0" branch="False" />
                <line number="599" hits="0" branch="False" />
                <line number="600" hits="0" branch="False" />
                <line number="601" hits="0" branch="False" />
                <line number="602" hits="0" branch="False" />
                <line number="603" hits="0" branch="False" />
                <line number="609" hits="0" branch="False" />
                <line number="610" hits="0" branch="False" />
                <line number="611" hits="0" branch="False" />
                <line number="612" hits="0" branch="False" />
                <line number="617" hits="0" branch="False" />
[...]
            <line number="275" hits="45" branch="False" />
            <line number="276" hits="45" branch="False" />
            <line number="277" hits="45" branch="False" />
            <line number="280" hits="45" branch="False" />
            <line number="281" hits="45" branch="True" condition-coverage="50% (1/2)">
              <conditions>
                <condition number="36" type="jump" coverage="50%" />
              </conditions>
            </line>
            <line number="282" hits="45" branch="False" />
            <line number="285" hits="135" branch="True" condition-coverage="50% (1/2)">
              <conditions>
                <condition number="301" type="jump" coverage="50%" />
              </conditions>
            </line>
            <line number="286" hits="0" branch="False" />
            <line number="287" hits="0" branch="False" />
            <line number="288" hits="0" branch="False" />
            <line number="289" hits="0" branch="False" />
            <line number="292" hits="45" branch="False" />
            <line number="293" hits="45" branch="False" />
            <line number="296" hits="225" branch="True" condition-coverage="100% (2/2)">
              <conditions>
                <condition number="919" type="jump" coverage="100%" />
              </conditions>
            </line>
            <line number="297" hits="45" branch="False" />
            <line number="298" hits="271" branch="True" condition-coverage="100% (2/2)">
              <conditions>
                <condition number="889" type="jump" coverage="100%" />
              </conditions>
            </line>
            <line number="299" hits="68" branch="False" />
            <line number="301" hits="68" branch="True" condition-coverage="100% (10/10)">
              <conditions>
                <condition number="401" type="jump" coverage="100%" />
                <condition number="416" type="jump" coverage="100%" />
                <condition number="431" type="jump" coverage="100%" />
                <condition number="440" type="jump" coverage="100%" />
                <condition number="462" type="jump" coverage="100%" />
              </conditions>
            </line>
            <line number="302" hits="68" branch="False" />
            <line number="303" hits="1" branch="False" />
            <line number="304" hits="1" branch="False" />
            <line number="305" hits="1" branch="False" />
            <line number="308" hits="68" branch="True" condition-coverage="100% (12/12)">
              <conditions>
                <condition number="550" type="jump" coverage="100%" />
                <condition number="565" type="jump" coverage="100%" />
                <condition number="580" type="jump" coverage="100%" />
                <condition number="599" type="jump" coverage="100%" />
                <condition number="608" type="jump" coverage="100%" />
                <condition number="630" type="jump" coverage="100%" />
              </conditions>
            </line>
            <line number="309" hits="68" branch="False" />
            <line number="310" hits="68" branch="False" />
            <line number="311" hits="68" branch="False" />
            <line number="312" hits="1" branch="False" />
            <line number="314" hits="1" branch="False" />
            <line number="315" hits="1" branch="False" />
            <line number="318" hits="1" branch="True" condition-coverage="100% (2/2)">
              <conditions>
                <condition number="765" type="jump" coverage="100%" />
              </conditions>
            </line>
            <line number="319" hits="1" branch="False" />
            <line number="320" hits="1" branch="False" />
            <line number="321" hits="1" branch="False" />
            <line number="322" hits="1" branch="False" />
            <line number="323" hits="1" branch="False" />
            <line number="325" hits="68" branch="False" />
            <line number="328" hits="68" branch="False" />
            <line number="330" hits="68" branch="False" />
            <line number="331" hits="68" branch="False" />
            <line number="332" hits="45" branch="False" />
            <line number="339" hits="45" branch="False" />
            <line number="340" hits="45" branch="False" />
            <line number="341" hits="45" branch="False" />
            <line number="342" hits="45" branch="True" condition-coverage="50% (1/2)">
              <conditions>
                <condition number="1005" type="jump" coverage="50%" />
              </conditions>
            </line>
            <line number="343" hits="0" branch="False" />
            <line number="344" hits="0" branch="True" condition-coverage="0% (0/2)">
              <conditions>
                <condition number="1028" type="jump" coverage="0%" />
              </conditions>
            </line>
            <line number="345" hits="0" branch="False" />
            <line number="346" hits="0" branch="False" />
            <line number="348" hits="45" branch="False" />
            <line number="349" hits="45" branch="False" />
            <line number="350" hits="45" branch="False" />
            <line number="357" hits="68" branch="False" />
            <line number="359" hits="68" branch="True" condition-coverage="100% (4/4)">
              <conditions>
                <condition number="12" type="jump" coverage="100%" />
                <condition number="33" type="jump" coverage="100%" />
              </conditions>
            </line>
            <line number="360" hits="23" branch="False" />
            <line number="361" hits="23" branch="False" />
            <line number="362" hits="23" branch="True" condition-coverage="50% (1/2)">
              <conditions>
                <condition number="57" type="jump" coverage="50%" />
              </conditions>
            </line>
            <line number="363" hits="23" branch="False" />
            <line number="364" hits="23" branch="False" />
            <line number="366" hits="23" branch="True" condition-coverage="50% (4/8)">
              <conditions>
                <condition number="85" type="jump" coverage="50%" />
                <condition number="94" type="jump" coverage="50%" />
                <condition number="133" type="jump" coverage="50%" />
                <condition number="152" type="jump" coverage="50%" />
              </conditions>
            </line>
            <line number="367" hits="92" branch="True" condition-coverage="100% (2/2)">
              <conditions>
                <condition number="3" type="jump" coverage="100%" />
              </conditions>
            </line>
            <line number="368" hits="23" branch="False" />
            <line number="369" hits="23" branch="False" />
            <line number="370" hits="23" branch="False" />
            <line number="371" hits="23" branch="False" />
            <line number="373" hits="0" branch="False" />
            <line number="374" hits="0" branch="False" />
            <line number="375" hits="45" branch="False" />
            <line number="376" hits="68" branch="False" />
            <line number="379" hits="21" branch="False" />
            <line number="380" hits="21" branch="False" />
            <line number="382" hits="21" branch="False" />
            <line number="383" hits="21" branch="False" />
            <line number="384" hits="21" branch="False" />
            <line number="385" hits="21" branch="False" />
            <line number="386" hits="21" branch="False" />
            <line number="387" hits="21" branch="False" />
            <line number="388" hits="21" branch="False" />
            <line number="389" hits="21" branch="False" />
            <line number="392" hits="21" branch="True" condition-coverage="100% (2/2)">
              <conditions>
                <condition number="206" type="jump" coverage="100%" />
              </conditions>
            </line>
            <line number="393" hits="2" branch="False" />
            <line number="394" hits="2" branch="False" />
            <line number="395" hits="2" branch="False" />
            <line number="396" hits="2" branch="False" />
            <line number="399" hits="21" branch="True" condition-coverage="50% (1/2)">
              <conditions>
                <condition number="247" type="jump" coverage="50%" />
              </conditions>
            </line>
            <line number="400" hits="21" branch="False" />
            <line number="401" hits="21" branch="True" condition-coverage="50% (1/2)">
              <conditions>
                <condition number="299" type="jump" coverage="50%" />
              </conditions>
            </line>
            <line number="402" hits="21" branch="False" />
            <line number="403" hits="21" branch="False" />
            <line number="405" hits="0" branch="False" />
            <line number="406" hits="0" branch="False" />
            <line number="407" hits="0" branch="False" />
            <line number="409" hits="21" branch="False" />
            <line number="410" hits="21" branch="False" />
            <line number="411" hits="21" branch="False" />
            <line number="412" hits="21" branch="False" />
            <line number="414" hits="21" branch="False" />
            <line number="415" hits="21" branch="False" />
            <line number="416" hits="21" branch="False" />
            <line number="417" hits="21" branch="False" />
            <line number="418" hits="21" branch="False" />
            <line number="419" hits="21" branch="False" />
            <line number="422" hits="24" branch="False" />
            <line number="423" hits="24" branch="False" />
            <line number="424" hits="24" branch="False" />
            <line number="425" hits="24" branch="False" />
            <line number="426" hits="24" branch="True" condition-coverage="100% (2/2)">
              <conditions>
                <condition number="35" type="jump" coverage="100%" />
              </conditions>
            </line>
            <line number="428" hits="24" branch="False" />
            <line number="429" hits="24" branch="False" />
            <line number="430" hits="24" branch="False" />
            <line number="431" hits="24" branch="False" />
            <line number="432" hits="24" branch="False" />
            <line number="433" hits="24" branch="False" />
            <line number="434" hits="24" branch="False" />
            <line number="437" hits="24" branch="False" />
            <line number="438" hits="24" branch="False" />
            <line number="439" hits="24" branch="False" />
            <line number="440" hits="24" branch="False" />
            <line number="441" hits="24" branch="False" />
            <line number="444" hits="24" branch="True" condition-coverage="100% (2/2)">
              <conditions>
                <condition number="290" type="jump" coverage="100%" />
              </conditions>
            </line>
            <line number="445" hits="21" branch="False" />
            <line number="446" hits="21" branch="False" />
            <line number="447" hits="21" branch="False" />
            <line number="448" hits="21" branch="False" />
            <line number="449" hits="21" branch="False" />
            <line number="450" hits="21" branch="False" />
            <line number="452" hits="3" branch="False" />
            <line number="453" hits="3" branch="False" />
            <line number="454" hits="3" branch="False" />
            <line number="455" hits="3" branch="False" />
            <line number="456" hits="3" branch="False" />
            <line number="457" hits="3" branch="False" />
            <line number="458" hits="3" branch="False" />
            <line number="459" hits="3" branch="False" />
            <line number="460" hits="3" branch="False" />
            <line number="461" hits="24" branch="False" />
            <line number="464" hits="24" branch="False" />
            <line number="465" hits="24" branch="False" />
            <line number="466" hits="24" branch="False" />
            <line number="469" hits="24" branch="False" />
            <line number="470" hits="24" branch="False" />
            <line number="471" hits="24" branch="False" />
            <line number="473" hits="24" branch="False" />
            <line number="474" hits="24" branch="False" />
            <line number="475" hits="24" branch="False" />
            <line number="476" hits="24" branch="False" />
            <line number="477" hits="24" branch="False" />
            <line number="478" hits="24" branch="True" condition-coverage="100% (2/2)">
              <conditions>
                <condition number="965" type="jump" coverage="100%" />
              </conditions>
            </line>
            <line number="479" hits="21" branch="False" />
            <line number="480" hits="21" branch="False" />
            <line number="481" hits="21" branch="False" />
            <line number="482" hits="21" branch="False" />
            <line number="483" hits="24" branch="False" />
            <line number="484" hits="24" branch="False" />
            <line number="485" hits="24" branch="False" />
            <line number="486" hits="24" branch="False" />
            <line number="487" hits="24" branch="False" />
            <line number="488" hits="24" branch="False" />
            <line number="490" hits="24" branch="False" />
            <line number="491" hits="24" branch="False" />
            <line number="492" hits="24" branch="False" />
            <line number="493" hits="24" branch="False" />
            <line number="494" hits="24" branch="False" />
            <line number="495" hits="24" branch="False" />
            <line number="498" hits="4" branch="False" />
            <line number="499" hits="4" branch="False" />
            <line number="500" hits="4" branch="False" />
            <line number="501" hits="4" branch="False" />
            <line number="502" hits="4" branch="False" />
            <line number="503" hits="4" branch="False" />
            <line number="504" hits="4" branch="False" />
            <line number="505" hits="4" branch="False" />
            <line number="506" hits="4" branch="False" />
            <line number="14" hits="24" branch="False" />
            <line number="15" hits="24" branch="False" />
            <line number="16" hits="24" branch="False" />
            <line number="17" hits="24" branch="True" condition-coverage="100% (2/2)">
              <conditions>
                <condition number="18" type="jump" coverage="100%" />
              </conditions>
            </line>
            <line number="18" hits="24" branch="False" />
          </lines>
        </class>
        <class name="CIL2CPP.Core.CodeGen.GeneratedOutput" filename="CodeGen\CppCodeGenerator.cs" line-rate="1" branch-rate="1" complexity="8">
          <methods>
            <method name="get_HeaderFile" signature="()" line-rate="1" branch-rate="1" complexity="1">
              <lines>
                <line number="511" hits="63" branch="False" />
              </lines>
            </method>
            <method name="get_SourceFile" signature="()" line-rate="1" branch-rate="1" complexity="1">
              <lines>
                <line number="512" hits="65" branch="False" />
              </lines>
            </method>
            <method name="get_MainFile" signature="()" line-rate="1" branch-rate="1" complexity="1">
              <lines>
                <line number="513" hits="30" branch="False" />
              </lines>
            </method>
            <method name="get_CMakeFile" signature="()" line-rate="1" branch-rate="1" complexity="1">
              <lines>
                <line number="514" hits="33" branch="False" />
              </lines>
            </method>
            <method name="WriteToDirectory" signature="(System.String)" line-rate="1" branch-rate="1" complexity="4">
              <lines>
                <line number="520" hits="1" branch="False" />
                <line number="521" hits="1" branch="False" />
                <line number="522" hits="1" branch="False" />
                <line number="523" hits="1" branch="False" />
                <line number="524" hits="1" branch="True" condition-coverage="100% (2/2)">
                  <conditions>
                    <condition number="87" type="jump" coverage="100%" />
                  </conditions>
                </line>
                <line number="525" hits="1" branch="False" />
                <line number="526" hits="1" branch="False" />
                <line number="527" hits="1" branch="False" />
                <line number="528" hits="1" branch="True" condition-coverage="100% (2/2)">
                  <conditions>
                    <condition number="136" type="jump" coverage="100%" />
                  </conditions>
                </line>
                <line number="529" hits="1" branch="False" />
                <line number="530" hits="1" branch="False" />
                <line number="531" hits="1" branch="False" />
                <line number="532" hits="1" branch="False" />
              </lines>
            </method>
          </methods>
          <lines>
            <line number="511" hits="63" branch="False" />
            <line number="512" hits="65" branch="False" />
            <line number="513" hits="30" branch="False" />
            <line number="514" hits="33" branch="False" />
            <line number="520" hits="1" branch="False" />
            <line number="521" hits="1" branch="False" />
            <line number="522" hits="1" branch="False" />
            <line number="523" hits="1" branch="False" />
            <line number="524" hits="1" branch="True" condition-coverage="100% (2/2)">
              <conditions>
                <condition number="87" type="jump" coverage="100%" />
              </conditions>
            </line>
            <line number="525" hits="1" branch="False" />
            <line number="526" hits="1" branch="False" />
            <line number="527" hits="1" branch="False" />
            <line number="528" hits="1" branch="True" condition-coverage="100% (2/2)">
              <conditions>
                <condition number="136" type="jump" coverage="100%" />
              </conditions>
            </line>
            <line number="529" hits="1" branch="False" />
            <line number="530" hits="1" branch="False" />
            <line number="531" hits="1" branch="False" />
            <line number="532" hits="1" branch="False" />
          </lines>
        </class>
        <class name="CIL2CPP.Core.CodeGen.GeneratedFile" filename="CodeGen\CppCodeGenerator.cs" line-rate="1" branch-rate="1" complexity="2">
          <methods>
            <method name="get_FileName" signature="()" line-rate="1" branch-rate="1" complexity="1">
              <lines>
                <line number="537" hits="240" branch="False" />
              </lines>
            </method>
            <method name="get_Content" signature="()" line-rate="1" branch-rate="1" complexity="1">
              <lines>
                <line number="538" hits="273" branch="False" />
              </lines>
            </method>
          </methods>
          <lines>
            <line number="537" hits="240" branch="False" />
            <line number="538" hits="273" branch="False" />
          </lines>
        </class>
      </classes>
    </package>
  </packages>
</coverage>